[debug] [2022-04-18T13:29:31.728Z] ----------------------------------------------------------------------
[debug] [2022-04-18T13:29:31.730Z] Command:       C:\Program Files\nodejs\node.exe C:\Users\Md Alamin Hossain\AppData\Roaming\npm\node_modules\firebase-tools\lib\bin\firebase.js init
[debug] [2022-04-18T13:29:31.730Z] CLI Version:   10.6.0
[debug] [2022-04-18T13:29:31.730Z] Platform:      win32
[debug] [2022-04-18T13:29:31.731Z] Node Version:  v16.14.2
[debug] [2022-04-18T13:29:31.731Z] Time:          Mon Apr 18 2022 19:29:31 GMT+0600 (Bangladesh Standard Time)
[debug] [2022-04-18T13:29:31.731Z] ----------------------------------------------------------------------
[debug] 
[debug] [2022-04-18T13:29:31.737Z] > command requires scopes: ["email","openid","https://www.googleapis.com/auth/cloudplatformprojects.readonly","https://www.googleapis.com/auth/firebase","https://www.googleapis.com/auth/cloud-platform"]
[debug] [2022-04-18T13:29:31.738Z] > authorizing via signed-in user (alaminhossaindjp@gmail.com)
[info] 
     ######## #### ########  ######## ########     ###     ######  ########
     ##        ##  ##     ## ##       ##     ##  ##   ##  ##       ##
     ######    ##  ########  ######   ########  #########  ######  ######
     ##        ##  ##    ##  ##       ##     ## ##     ##       ## ##
     ##       #### ##     ## ######## ########  ##     ##  ######  ########

You're about to initialize a Firebase project in this directory:

  C:\projects\assessment\assessment-10\Photographer

Before we get started, keep in mind:

  * You are currently outside your home directory

